<?xml version="1.0" encoding="utf-8"?><testsuites name="pytest tests"><testsuite name="pytest" errors="0" failures="0" skipped="0" tests="59" time="0.451" timestamp="2026-04-22T05:26:37.777191+01:00" hostname="portatil-alejandro"><testcase classname="tests.test_pipeline_sim.TestSimulateReadingOutputShape" name="test_returns_all_required_keys" time="0.004" /><testcase classname="tests.test_pipeline_sim.TestSimulateReadingOutputShape" name="test_timestamp_format" time="0.008" /><testcase classname="tests.test_pipeline_sim.TestSimulateReadingOutputShape" name="test_valve_open_flag_stored" time="0.002" /><testcase classname="tests.test_pipeline_sim.TestSimulateReadingOutputShape" name="test_scenario_stored" time="0.001" /><testcase classname="tests.test_pipeline_sim.TestSimulateReadingOutputShape" name="test_pressure_and_flow_are_nonnegative" time="0.002" /><testcase classname="tests.test_pipeline_sim.TestSimulateReadingOutputShape" name="test_values_rounded_to_3dp" time="0.002" /><testcase classname="tests.test_pipeline_sim.TestSimulateReadingOutputShape" name="test_is_deterministic" time="0.001" /><testcase classname="tests.test_pipeline_sim.TestSimulateReadingScenarios" name="test_normal_valve_open_pressure_near_dynamic" time="0.001" /><testcase classname="tests.test_pipeline_sim.TestSimulateReadingScenarios" name="test_normal_valve_open_flow_near_nominal" time="0.002" /><testcase classname="tests.test_pipeline_sim.TestSimulateReadingScenarios" name="test_normal_valve_closed_flow_near_zero" time="0.001" /><testcase classname="tests.test_pipeline_sim.TestSimulateReadingScenarios" name="test_normal_valve_closed_pressure_near_static" time="0.001" /><testcase classname="tests.test_pipeline_sim.TestSimulateReadingScenarios" name="test_burst_pressure_is_low" time="0.001" /><testcase classname="tests.test_pipeline_sim.TestSimulateReadingScenarios" name="test_burst_valve_closed_flow_zero" time="0.001" /><testcase classname="tests.test_pipeline_sim.TestSimulateReadingScenarios" name="test_leak_valve_closed_flow_above_background" time="0.001" /><testcase classname="tests.test_pipeline_sim.TestSimulateReadingScenarios" name="test_leak_valve_closed_flow_near_background" time="0.001" /><testcase classname="tests.test_pipeline_sim.TestSimulateReadingScenarios" name="test_leak_valve_open_pressure_reduced" time="0.001" /><testcase classname="tests.test_pipeline_sim" name="test_nominal_flow_scales_output[5.0]" time="0.003" /><testcase classname="tests.test_pipeline_sim" name="test_nominal_flow_scales_output[8.0]" time="0.002" /><testcase classname="tests.test_pipeline_sim" name="test_nominal_flow_scales_output[10.0]" time="0.002" /><testcase classname="tests.test_pipeline_sim" name="test_nominal_flow_scales_output[15.0]" time="0.001" /><testcase classname="tests.test_pipeline_sim" name="test_nominal_flow_scales_output[20.0]" time="0.001" /><testcase classname="tests.test_pipeline_sim.TestBuildSyntheticHistory" name="test_returns_correct_number_of_readings" time="0.002" /><testcase classname="tests.test_pipeline_sim.TestBuildSyntheticHistory" name="test_timestamps_are_chronological" time="0.002" /><testcase classname="tests.test_pipeline_sim.TestBuildSyntheticHistory" name="test_timestamps_spaced_by_interval" time="0.001" /><testcase classname="tests.test_pipeline_sim.TestBuildSyntheticHistory" name="test_valve_flag_propagated" time="0.001" /><testcase classname="tests.test_pipeline_sim.TestBuildSyntheticHistory" name="test_scenario_propagated" time="0.002" /><testcase classname="tests.test_pipeline_sim.TestBuildSyntheticHistory" name="test_n_zero_returns_empty_list" time="0.001" /><testcase classname="tests.test_pipeline_sim.TestDetectLeaksOutputShape" name="test_returns_required_keys" time="0.001" /><testcase classname="tests.test_pipeline_sim.TestDetectLeaksOutputShape" name="test_empty_input_returns_no_data" time="0.001" /><testcase classname="tests.test_pipeline_sim.TestDetectLeaksOutputShape" name="test_confidence_between_0_and_1" time="0.004" /><testcase classname="tests.test_pipeline_sim.TestDetectLeaksNormal" name="test_normal_scenario_is_normal" time="0.003" /><testcase classname="tests.test_pipeline_sim.TestDetectLeaksNormal" name="test_normal_has_no_alerts" time="0.003" /><testcase classname="tests.test_pipeline_sim.TestDetectLeaksNormal" name="test_normal_confidence_is_zero" time="0.002" /><testcase classname="tests.test_pipeline_sim.TestDetectLeaksBurst" name="test_burst_scenario_detected" time="0.002" /><testcase classname="tests.test_pipeline_sim.TestDetectLeaksBurst" name="test_burst_has_critical_alert" time="0.003" /><testcase classname="tests.test_pipeline_sim.TestDetectLeaksBurst" name="test_burst_confidence_above_threshold" time="0.003" /><testcase classname="tests.test_pipeline_sim.TestDetectLeaksLeak" name="test_leak_valve_closed_detected" time="0.003" /><testcase classname="tests.test_pipeline_sim.TestDetectLeaksLeak" name="test_leak_has_at_least_one_alert" time="0.003" /><testcase classname="tests.test_pipeline_sim.TestDetectLeaksLeak" name="test_leak_alert_mentions_threshold" time="0.004" /><testcase classname="tests.test_pipeline_sim.TestDetectLeaksEWMAValues" name="test_ewma_pressure_is_a_float" time="0.003" /><testcase classname="tests.test_pipeline_sim.TestDetectLeaksEWMAValues" name="test_ewma_pressure_near_baseline_for_normal" time="0.006" /><testcase classname="tests.test_pipeline_sim.TestDetectLeaksEWMAValues" name="test_baseline_pressure_near_dynamic_when_valve_open" time="0.004" /><testcase classname="tests.test_pipeline_sim.TestDetectLeaksEWMAValues" name="test_std_pressure_above_zero" time="0.002" /><testcase classname="tests.test_pipeline_sim.TestDetectLeaksSingleReading" name="test_single_reading_does_not_crash" time="0.002" /><testcase classname="tests.test_pipeline_sim.TestSimulateReadingObstruction" name="test_obstruction_valve_open_flow_near_zero" time="0.002" /><testcase classname="tests.test_pipeline_sim.TestSimulateReadingObstruction" name="test_obstruction_valve_open_pressure_near_static" time="0.002" /><testcase classname="tests.test_pipeline_sim.TestSimulateReadingObstruction" name="test_obstruction_valve_open_pressure_above_dynamic" time="0.002" /><testcase classname="tests.test_pipeline_sim.TestSimulateReadingObstruction" name="test_obstruction_valve_closed_behaves_like_normal" time="0.002" /><testcase classname="tests.test_pipeline_sim.TestSimulateReadingObstruction" name="test_obstruction_valve_closed_flow_near_zero" time="0.002" /><testcase classname="tests.test_pipeline_sim.TestSimulateReadingObstruction" name="test_obstruction_pressure_and_flow_nonnegative" time="0.001" /><testcase classname="tests.test_pipeline_sim.TestSimulateReadingObstruction" name="test_obstruction_is_deterministic" time="0.002" /><testcase classname="tests.test_pipeline_sim.TestSimulateReadingObstruction" name="test_scenario_field_stored" time="0.001" /><testcase classname="tests.test_pipeline_sim.TestDetectLeaksObstruction" name="test_obstruction_detected_valve_open" time="0.003" /><testcase classname="tests.test_pipeline_sim.TestDetectLeaksObstruction" name="test_obstruction_has_obstruction_alert" time="0.003" /><testcase classname="tests.test_pipeline_sim.TestDetectLeaksObstruction" name="test_obstruction_confidence_above_threshold" time="0.003" /><testcase classname="tests.test_pipeline_sim.TestDetectLeaksObstruction" name="test_obstruction_not_detected_as_leak" time="0.002" /><testcase classname="tests.test_pipeline_sim.TestDetectLeaksObstruction" name="test_obstruction_not_detected_as_burst" time="0.004" /><testcase classname="tests.test_pipeline_sim.TestDetectLeaksObstruction" name="test_obstruction_valve_closed_not_triggered" time="0.003" /><testcase classname="tests.test_pipeline_sim.TestDetectLeaksObstruction" name="test_obstruction_alert_has_required_method_key" time="0.004" /></testsuite></testsuites>